<?xml version="1.0" encoding="UTF-8"?>
<testsuite xmlns:xsi="http://www.w3.org/2001/XMLSchema-instance" xsi:noNamespaceSchemaLocation="https://maven.apache.org/surefire/maven-surefire-plugin/xsd/surefire-test-report.xsd" name="MagicSquareTest" time="0.048" tests="9" errors="0" skipped="0" failures="0">
  <properties>
    <property name="sun.desktop" value="windows"/>
    <property name="awt.toolkit" value="sun.awt.windows.WToolkit"/>
    <property name="java.specification.version" value="11"/>
    <property name="sun.cpu.isalist" value="amd64"/>
    <property name="sun.jnu.encoding" value="Cp1252"/>
    <property name="java.class.path" value="C:\Users\julis\Documents\TMCBEANS-Projects\mooc-java-programming-ii\part12-Part12_10.MagicSquare\target\test-classes;C:\Users\julis\Documents\TMCBEANS-Projects\mooc-java-programming-ii\part12-Part12_10.MagicSquare\target\classes;C:\Users\julis\.m2\repository\junit\junit\4.12\junit-4.12.jar;C:\Users\julis\.m2\repository\org\hamcrest\hamcrest-core\1.3\hamcrest-core-1.3.jar;C:\Users\julis\.m2\repository\fi\helsinki\cs\tmc\edu-test-utils\0.4.2\edu-test-utils-0.4.2.jar;"/>
    <property name="java.vm.vendor" value="Oracle Corporation"/>
    <property name="sun.arch.data.model" value="64"/>
    <property name="user.variant" value=""/>
    <property name="java.vendor.url" value="https://openjdk.java.net/"/>
    <property name="user.timezone" value="America/Mexico_City"/>
    <property name="java.vm.specification.version" value="11"/>
    <property name="os.name" value="Windows 11"/>
    <property name="sun.java.launcher" value="SUN_STANDARD"/>
    <property name="user.country" value="MX"/>
    <property name="sun.boot.library.path" value="C:\Program Files\Java\jdk-11\bin"/>
    <property name="sun.java.command" value="C:\Users\julis\AppData\Local\Temp\surefire3591442408298631001\surefirebooter5160291432158645300.jar C:\Users\julis\AppData\Local\Temp\surefire3591442408298631001 2025-02-24T09-41-42_545-jvmRun1 surefire10879372491454666175tmp surefire_01101761928518283754tmp"/>
    <property name="jdk.debug" value="release"/>
    <property name="surefire.test.class.path" value="C:\Users\julis\Documents\TMCBEANS-Projects\mooc-java-programming-ii\part12-Part12_10.MagicSquare\target\test-classes;C:\Users\julis\Documents\TMCBEANS-Projects\mooc-java-programming-ii\part12-Part12_10.MagicSquare\target\classes;C:\Users\julis\.m2\repository\junit\junit\4.12\junit-4.12.jar;C:\Users\julis\.m2\repository\org\hamcrest\hamcrest-core\1.3\hamcrest-core-1.3.jar;C:\Users\julis\.m2\repository\fi\helsinki\cs\tmc\edu-test-utils\0.4.2\edu-test-utils-0.4.2.jar;"/>
    <property name="sun.cpu.endian" value="little"/>
    <property name="user.home" value="C:\Users\julis"/>
    <property name="user.language" value="es"/>
    <property name="java.specification.vendor" value="Oracle Corporation"/>
    <property name="java.version.date" value="2024-10-15"/>
    <property name="java.home" value="C:\Program Files\Java\jdk-11"/>
    <property name="file.separator" value="\"/>
    <property name="basedir" value="C:\Users\julis\Documents\TMCBEANS-Projects\mooc-java-programming-ii\part12-Part12_10.MagicSquare"/>
    <property name="java.vm.compressedOopsMode" value="Zero based"/>
    <property name="line.separator" value="&#10;"/>
    <property name="java.specification.name" value="Java Platform API Specification"/>
    <property name="java.vm.specification.vendor" value="Oracle Corporation"/>
    <property name="java.awt.graphicsenv" value="sun.awt.Win32GraphicsEnvironment"/>
    <property name="surefire.real.class.path" value="C:\Users\julis\AppData\Local\Temp\surefire3591442408298631001\surefirebooter5160291432158645300.jar"/>
    <property name="jdk.net.URLClassPath.disableClassPathURLCheck" value="true"/>
    <property name="user.script" value=""/>
    <property name="sun.management.compiler" value="HotSpot 64-Bit Tiered Compilers"/>
    <property name="java.runtime.version" value="11.0.25+9-LTS-256"/>
    <property name="user.name" value="julis"/>
    <property name="path.separator" value=";"/>
    <property name="os.version" value="10.0"/>
    <property name="java.runtime.name" value="Java(TM) SE Runtime Environment"/>
    <property name="file.encoding" value="UTF-8"/>
    <property name="java.vm.name" value="Java HotSpot(TM) 64-Bit Server VM"/>
    <property name="java.vendor.version" value="18.9"/>
    <property name="localRepository" value="C:\Users\julis\.m2\repository"/>
    <property name="java.vendor.url.bug" value="https://bugreport.java.com/bugreport/"/>
    <property name="java.io.tmpdir" value="C:\Users\julis\AppData\Local\Temp\"/>
    <property name="java.version" value="11.0.25"/>
    <property name="user.dir" value="C:\Users\julis\Documents\TMCBEANS-Projects\mooc-java-programming-ii\part12-Part12_10.MagicSquare"/>
    <property name="os.arch" value="amd64"/>
    <property name="java.vm.specification.name" value="Java Virtual Machine Specification"/>
    <property name="java.awt.printerjob" value="sun.awt.windows.WPrinterJob"/>
    <property name="sun.os.patch.level" value=""/>
    <property name="java.library.path" value="C:\Program Files\Java\jdk-11\bin;C:\WINDOWS\Sun\Java\bin;C:\WINDOWS\system32;C:\WINDOWS;C:\Program Files\Common Files\Oracle\Java\javapath;C:\Program Files\Alacritty\;C:\Program Files\Eclipse Adoptium\jdk-21.0.5.11-hotspot\bin;C:\Windows\System32\HWAudioDriverLibs;C:\Windows\system32;C:\Windows;C:\Windows\System32\Wbem;C:\Windows\System32\WindowsPowerShell\v1.0\;C:\Windows\System32\OpenSSH\;C:\Users\Administrator\AppData\Local\Microsoft\WindowsApps;C:\WINDOWS\system32;C:\WINDOWS;C:\WINDOWS\System32\Wbem;C:\WINDOWS\System32\WindowsPowerShell\v1.0\;C:\WINDOWS\System32\OpenSSH\;C:\ProgramData\chocolatey\bin;C:\Program Files\Git\cmd;C:\ProgramData\nvm;C:\Program Files\nodejs;C:\Program Files\Neovim\bin;C:\Program Files\Maven\bin;C:\Program Files\Gradle\bin;C:\Program Files\spring-3.4.2\bin;C:\Program Files\MySQL\MySQL Server 8.0\bin;;C:\Program Files\Docker\Docker\resources\bin;C:\Program Files\MySQL\MySQL Shell 8.0\bin\;C:\Users\julis\AppData\Local\Programs\oh-my-posh\bin\;C:\Users\julis\AppData\Local\Microsoft\WindowsApps;C:\Users\julis\AppData\Roaming\npm;C:\Users\julis\AppData\Local\Programs\Microsoft VS Code\bin;C:\ProgramData\nvm;C:\Program Files\nodejs;C:\Users\julis\AppData\Local\JetBrains\Toolbox\scripts;;C:\ProgramData\mingw64\mingw64\bin;%USERPROFILE%\AppData\Local\Microsoft\WindowsApps;."/>
    <property name="java.vendor" value="Oracle Corporation"/>
    <property name="java.vm.info" value="mixed mode"/>
    <property name="java.vm.version" value="11.0.25+9-LTS-256"/>
    <property name="java.specification.maintenance.version" value="3"/>
    <property name="sun.io.unicode.encoding" value="UnicodeLittle"/>
    <property name="java.class.version" value="55.0"/>
  </properties>
  <testcase name="testFactory" classname="MagicSquareTest" time="0.001"/>
  <testcase name="sumsOfRowsIsCorrect2" classname="MagicSquareTest" time="0"/>
  <testcase name="sumsOfColumnsIsCorrect" classname="MagicSquareTest" time="0"/>
  <testcase name="sumsOfDiagonalsIsCorrect" classname="MagicSquareTest" time="0"/>
  <testcase name="sumsOfRowsIsCorrect" classname="MagicSquareTest" time="0"/>
  <testcase name="sumsOfColumnsIsCorrect2" classname="MagicSquareTest" time="0"/>
  <testcase name="sumsOfDiagonalsIsCorrect2" classname="MagicSquareTest" time="0"/>
  <testcase name="sumsOfDiagonalsIsCorrect3" classname="MagicSquareTest" time="0"/>
  <testcase name="testFactory2" classname="MagicSquareTest" time="0.001"/>
</testsuite>